Copyright 1986-2019 Xilinx, Inc. All Rights Reserved.
-------------------------------------------------------------------------------------
| Tool Version : Vivado v.2019.1 (lin64) Build 2552052 Fri May 24 14:47:09 MDT 2019
| Date         : Mon Mar 30 22:41:20 2020
| Host         : fpgadev running 64-bit Ubuntu 18.04.4 LTS
| Command      : report_control_sets -verbose -file toplevel_control_sets_placed.rpt
| Design       : toplevel
| Device       : xc7z020
-------------------------------------------------------------------------------------

Control Set Information

Table of Contents
-----------------
1. Summary
2. Histogram
3. Flip-Flop Distribution
4. Detailed Control Set Information

1. Summary
----------

+----------------------------------------------------------+-------+
|                          Status                          | Count |
+----------------------------------------------------------+-------+
| Total control sets                                       |    38 |
|    Minimum number of control sets                        |    38 |
|    Addition due to synthesis replication                 |     0 |
|    Addition due to physical synthesis replication        |     0 |
| Unused register locations in slices containing registers |   165 |
+----------------------------------------------------------+-------+
* Control sets can be merged at opt_design using control_set_merge or merge_equivalent_drivers
** Run report_qor_suggestions for automated merging and remapping suggestions


2. Histogram
------------

+--------------------+-------+
|       Fanout       | Count |
+--------------------+-------+
| Total control sets |    38 |
| >= 0 to < 4        |    14 |
| >= 4 to < 6        |     2 |
| >= 6 to < 8        |     0 |
| >= 8 to < 10       |     5 |
| >= 10 to < 12      |     2 |
| >= 12 to < 14      |     0 |
| >= 14 to < 16      |     2 |
| >= 16              |    13 |
+--------------------+-------+
* Control sets can be remapped at either synth_design or opt_design


3. Flip-Flop Distribution
-------------------------

+--------------+-----------------------+------------------------+-----------------+--------------+
| Clock Enable | Synchronous Set/Reset | Asynchronous Set/Reset | Total Registers | Total Slices |
+--------------+-----------------------+------------------------+-----------------+--------------+
| No           | No                    | No                     |             279 |           79 |
| No           | No                    | Yes                    |              10 |            9 |
| No           | Yes                   | No                     |              38 |           16 |
| Yes          | No                    | No                     |              32 |           17 |
| Yes          | No                    | Yes                    |             108 |           45 |
| Yes          | Yes                   | No                     |             280 |           70 |
+--------------+-----------------------+------------------------+-----------------+--------------+


4. Detailed Control Set Information
-----------------------------------

+-------------------+-------------------------------------------------------------------------------------------------------------------------------------------------------+----------------------------------------------------------------------------------------------------------------------------------+------------------+----------------+
|    Clock Signal   |                                                                     Enable Signal                                                                     |                                                         Set/Reset Signal                                                         | Slice Load Count | Bel Load Count |
+-------------------+-------------------------------------------------------------------------------------------------------------------------------------------------------+----------------------------------------------------------------------------------------------------------------------------------+------------------+----------------+
|  clkout_IBUF_BUFG | usbif/cmd_queue/U0/inst_fifo_gen/gconvfifo.rf/grf.rf/rstblk/ngwrdrst.grst.g7serrst.gsckt_wrst.gic_rst.sckt_wr_rst_ic_reg_CE_cooolgate_en_sig_40       |                                                                                                                                  |                1 |              1 |
|  clkout_IBUF_BUFG | usbif/cmd_queue/U0/inst_fifo_gen/gconvfifo.rf/grf.rf/rstblk/ngwrdrst.grst.g7serrst.gsckt_wrst.gic_rst.wr_rst_busy_i_reg_CE_cooolgate_en_sig_38        |                                                                                                                                  |                1 |              1 |
|  clkout_IBUF_BUFG | usbif/read_byte_queue/U0/inst_fifo_gen/gconvfifo.rf/grf.rf/rstblk/ngwrdrst.grst.g7serrst.gsckt_wrst.gic_rst.sckt_rd_rst_ic_reg_CE_cooolgate_en_sig_43 |                                                                                                                                  |                1 |              1 |
|  clk_IBUF_BUFG    | ctrl_regs/read_data_reg[0]_CE_cooolgate_en_sig_37                                                                                                     | usbif/cmd_rx/rst_n                                                                                                               |                1 |              1 |
|  clk_IBUF_BUFG    | usbif/read_byte_queue/U0/inst_fifo_gen/gconvfifo.rf/grf.rf/rstblk/ngwrdrst.grst.g7serrst.gsckt_wrst.gic_rst.wr_rst_busy_i_reg_CE_cooolgate_en_sig_39  |                                                                                                                                  |                1 |              1 |
|  clk_IBUF_BUFG    | usbif/read_byte_queue/U0/inst_fifo_gen/gconvfifo.rf/grf.rf/rstblk/ngwrdrst.grst.g7serrst.gsckt_wrst.gic_rst.sckt_wr_rst_ic_reg_CE_cooolgate_en_sig_41 |                                                                                                                                  |                1 |              1 |
|  clk_IBUF_BUFG    | usbif/cmd_queue/U0/inst_fifo_gen/gconvfifo.rf/grf.rf/rstblk/ngwrdrst.grst.g7serrst.gsckt_wrst.gic_rst.sckt_rd_rst_ic_reg_CE_cooolgate_en_sig_42       |                                                                                                                                  |                1 |              1 |
|  clkout_IBUF_BUFG | usbif/cmd_rx/FSM_sequential_state_reg[0]_CE_cooolgate_en_sig_36                                                                                       | usbif/cmd_rx/rst_n                                                                                                               |                1 |              2 |
|  clk_IBUF_BUFG    | ctrl_regs/mnhrpt_reg_CE_cooolgate_en_sig_35                                                                                                           | usbif/cmd_rx/rst_n                                                                                                               |                2 |              2 |
|  clk_IBUF_BUFG    |                                                                                                                                                       | usbif/read_byte_queue/U0/inst_fifo_gen/gconvfifo.rf/grf.rf/rstblk/ngwrdrst.grst.g7serrst.gsckt_wrst.gic_rst.sckt_wr_rst_ic_reg_0 |                2 |              3 |
|  clkout_IBUF_BUFG | usbif/cmd_rx/write_index_reg[0]_CE_cooolgate_en_sig_34                                                                                                | usbif/cmd_rx/rst_n                                                                                                               |                1 |              3 |
|  clkout_IBUF_BUFG | usbif/cmd_rx/cmd_msg[15]_i_1_n_0                                                                                                                      | usbif/cmd_rx/rst_n                                                                                                               |                1 |              3 |
|  clkout_IBUF_BUFG |                                                                                                                                                       | usbif/cmd_rx/rst_n                                                                                                               |                3 |              3 |
|  clkout_IBUF_BUFG |                                                                                                                                                       | usbif/cmd_queue/U0/inst_fifo_gen/gconvfifo.rf/grf.rf/rstblk/ngwrdrst.grst.g7serrst.gsckt_wrst.gic_rst.sckt_wr_rst_ic_reg_0       |                1 |              3 |
|  clk_IBUF_BUFG    | cmd_ctrl/FSM_sequential_state[3]_i_1_n_0                                                                                                              | usbif/cmd_rx/rst_n                                                                                                               |                1 |              4 |
|  clkout_IBUF_BUFG | usbif/cmd_rx/cmd_msg[7]_i_1_n_0                                                                                                                       | usbif/cmd_rx/rst_n                                                                                                               |                1 |              4 |
|  clkout_IBUF_BUFG | usbif/cmd_rx/cmd_msg[23]_i_1_n_0                                                                                                                      | usbif/cmd_rx/rst_n                                                                                                               |                5 |              8 |
|  clkout_IBUF_BUFG | usbif/cmd_rx/cmd_msg[31]_i_1_n_0                                                                                                                      | usbif/cmd_rx/rst_n                                                                                                               |                4 |              8 |
|  clkout_IBUF_BUFG | usbif/read_byte_queue/U0/inst_fifo_gen/gconvfifo.rf/grf.rf/gntv_or_sync_fifo.gl0.rd/gr1.gr1_int.rfwft/E[0]                                            | usbif/read_byte_queue/U0/inst_fifo_gen/gconvfifo.rf/grf.rf/rstblk/SR[0]                                                          |                5 |              8 |
|  clkout_IBUF_BUFG | usbif/cmd_rx/cmd_msg[39]_i_1_n_0                                                                                                                      | usbif/cmd_rx/rst_n                                                                                                               |                4 |              8 |
|  clk_IBUF_BUFG    |                                                                                                                                                       | usbif/cmd_queue/U0/inst_fifo_gen/gconvfifo.rf/grf.rf/rstblk/SR[0]                                                                |                3 |              9 |
|  clkout_IBUF_BUFG | usbif/cmd_queue/U0/inst_fifo_gen/gconvfifo.rf/grf.rf/gntv_or_sync_fifo.gcx.clkx/rd_pntr_cdc_inst/dest_out_bin_ff_reg[0]_CE_cooolgate_en_sig_33        |                                                                                                                                  |                5 |             11 |
|  clkout_IBUF_BUFG |                                                                                                                                                       | usbif/read_byte_queue/U0/inst_fifo_gen/gconvfifo.rf/grf.rf/rstblk/SR[0]                                                          |                5 |             11 |
|  clkout_IBUF_BUFG | usbif/read_byte_queue/U0/inst_fifo_gen/gconvfifo.rf/grf.rf/gntv_or_sync_fifo.gcx.clkx/wr_pntr_cdc_inst/dest_out_bin_ff_reg[0]_CE_cooolgate_en_sig_32  |                                                                                                                                  |                6 |             15 |
|  clk_IBUF_BUFG    | usbif/read_byte_queue/U0/inst_fifo_gen/gconvfifo.rf/grf.rf/gntv_or_sync_fifo.gl0.wr/gwas.wsts/p_20_out                                                | usbif/read_byte_queue/U0/inst_fifo_gen/gconvfifo.rf/grf.rf/rstblk/ngwrdrst.grst.g7serrst.gsckt_wrst.gic_rst.sckt_wr_rst_ic_reg_0 |                6 |             15 |
|  clk_IBUF_BUFG    |                                                                                                                                                       | usbif/cmd_rx/rst_n                                                                                                               |               11 |             19 |
|  clk_IBUF_BUFG    | cmd_ctrl/E[0]                                                                                                                                         | usbif/cmd_rx/rst_n                                                                                                               |               10 |             25 |
|  clk_IBUF_BUFG    | usbif/cmd_queue/U0/inst_fifo_gen/gconvfifo.rf/grf.rf/gntv_or_sync_fifo.gl0.rd/gr1.gr1_int.rfwft/E[0]                                                  | usbif/cmd_queue/U0/inst_fifo_gen/gconvfifo.rf/grf.rf/rstblk/SR[0]                                                                |                7 |             25 |
|  clk_IBUF_BUFG    | usbif/read_msg_queue/U0/inst_fifo_gen/gconvfifo.rf/grf.rf/gntv_or_sync_fifo.gl0.rd/gr1.gr1_int.rfwft/ram_empty_fb_i_reg[0]                            | usbif/cmd_rx/rst_n                                                                                                               |                5 |             26 |
|  clk_IBUF_BUFG    | usbif/cmd_queue/U0/inst_fifo_gen/gconvfifo.rf/grf.rf/gntv_or_sync_fifo.gl0.rd/gr1.gr1_int.rfwft/ram_empty_fb_i_reg                                    | usbif/cmd_queue/U0/inst_fifo_gen/gconvfifo.rf/grf.rf/rstblk/SR[0]                                                                |                5 |             26 |
|  clk_IBUF_BUFG    | usbif/read_msg_queue/U0/inst_fifo_gen/gconvfifo.rf/grf.rf/gntv_or_sync_fifo.gl0.wr/gwss.wsts/p_17_out                                                 | usbif/cmd_rx/rst_n                                                                                                               |                5 |             26 |
|  clk_IBUF_BUFG    | usbif/read_byte_queue/U0/inst_fifo_gen/gconvfifo.rf/grf.rf/gntv_or_sync_fifo.gl0.wr/wpntr/gic0.gc0.count_d1_reg[0]_CE_cooolgate_en_sig_31             | usbif/read_byte_queue/U0/inst_fifo_gen/gconvfifo.rf/grf.rf/rstblk/ngwrdrst.grst.g7serrst.gsckt_wrst.gic_rst.sckt_wr_rst_ic_reg_0 |                5 |             30 |
|  clkout_IBUF_BUFG | usbif/cmd_queue/U0/inst_fifo_gen/gconvfifo.rf/grf.rf/gntv_or_sync_fifo.gl0.wr/gwas.wsts/p_20_out                                                      | usbif/cmd_queue/U0/inst_fifo_gen/gconvfifo.rf/grf.rf/rstblk/ngwrdrst.grst.g7serrst.gsckt_wrst.gic_rst.sckt_wr_rst_ic_reg_0       |               11 |             39 |
|  clk_IBUF_BUFG    | usbif/msg_sndr/active_msg[39]_i_1_n_0                                                                                                                 | usbif/cmd_rx/rst_n                                                                                                               |               14 |             40 |
|  clk_IBUF_BUFG    | usbif/read_msg_queue/U0/inst_fifo_gen/gconvfifo.rf/grf.rf/gntv_or_sync_fifo.gl0.rd/gr1.gr1_int.rfwft/E[0]                                             | usbif/cmd_rx/rst_n                                                                                                               |               12 |             40 |
|  clkout_IBUF_BUFG | usbif/read_byte_queue/U0/inst_fifo_gen/gconvfifo.rf/grf.rf/gntv_or_sync_fifo.gl0.rd/gr1.gr1_int.rfwft/ram_empty_fb_i_reg[0]                           | usbif/read_byte_queue/U0/inst_fifo_gen/gconvfifo.rf/grf.rf/rstblk/SR[0]                                                          |                9 |             45 |
|  clkout_IBUF_BUFG |                                                                                                                                                       |                                                                                                                                  |               36 |            128 |
|  clk_IBUF_BUFG    |                                                                                                                                                       |                                                                                                                                  |               43 |            155 |
+-------------------+-------------------------------------------------------------------------------------------------------------------------------------------------------+----------------------------------------------------------------------------------------------------------------------------------+------------------+----------------+


